<?xml version="1.0" encoding="UTF-8"?>
<!-- Generated by org.testng.reporters.JUnitReportReporter -->
<testsuite skipped="0" hostname="anjan-PC" name="testscripts.testcase.TC_01" tests="1" failures="0" timestamp="13 Aug 2017 18:09:09 GMT" time="5.239" errors="0">
  <testcase name="executeTest" time="5.239" classname="testscripts.testcase.TC_01"/>
</testsuite> <!-- testscripts.testcase.TC_01 -->
