<?xml version="1.0" encoding="UTF-8"?>
<!-- Generated by org.testng.reporters.JUnitReportReporter -->
<testsuite skipped="0" hostname="anjan-PC" name="testscripts.testcase.TC_03" tests="1" failures="0" timestamp="13 Aug 2017 18:11:09 GMT" time="33.568" errors="0">
  <testcase name="runSanity" time="33.568" classname="testscripts.testcase.TC_03"/>
</testsuite> <!-- testscripts.testcase.TC_03 -->
