<?xml version="1.0" encoding="UTF-8"?>
<!-- Generated by org.testng.reporters.JUnitReportReporter -->
<testsuite skipped="0" hostname="anjan-PC" name="testscripts.testcase.TC_01" tests="1" failures="0" timestamp="06 Aug 2017 20:09:51 GMT" time="5.950" errors="0">
  <testcase name="executeTest" time="5.950" classname="testscripts.testcase.TC_01"/>
</testsuite> <!-- testscripts.testcase.TC_01 -->
