<?xml version="1.0" encoding="UTF-8"?>
<!-- Generated by org.testng.reporters.JUnitReportReporter -->
<testsuite skipped="0" hostname="anjan-PC" name="testscripts.testcase.TC_03" tests="1" failures="0" timestamp="21 Aug 2017 09:44:58 GMT" time="31.551" errors="0">
  <testcase name="runSanity" time="31.551" classname="testscripts.testcase.TC_03"/>
</testsuite> <!-- testscripts.testcase.TC_03 -->
