<?xml version="1.0" encoding="UTF-8"?>
<!-- Generated by org.testng.reporters.JUnitReportReporter -->
<testsuite hostname="anjan-PC" name="testscripts.testcase.TC_02" tests="1" failures="0" timestamp="7 Aug 2017 18:46:41 GMT" time="5.505" errors="0">
  <testcase name="executeTest" time="5.505" classname="testscripts.testcase.TC_02"/>
</testsuite> <!-- testscripts.testcase.TC_02 -->
