<?xml version="1.0" encoding="UTF-8"?>
<!-- Generated by org.testng.reporters.JUnitReportReporter -->
<testsuite skipped="0" hostname="anjan-PC" name="testscripts.testcase.TC_02" tests="1" failures="0" timestamp="21 Aug 2017 09:44:58 GMT" time="41.954" errors="0">
  <testcase name="runSanity" time="41.954" classname="testscripts.testcase.TC_02"/>
</testsuite> <!-- testscripts.testcase.TC_02 -->
